Result of "['grep cifs /etc/fstab && ls -l /mnt/', 'command']":
##################################
dev-test-service-group6-app2
##################################

##################################
dev-test-service-group4-app1
##################################
//st-cwanfs2/cwanfs-active	/mnt/cwanfs	cifs	credentials=/root/.smbcredentials,file_mode=0777,dir_mode=0777	0	0
//st-cwanfs1/Prospectus	/mnt/cwanfs-prospectus	cifs	credentials=/root/.smbcredentials,file_mode=0777,dir_mode=0777	0	0
total 0
lrwxrwxrwx 1 root root 30 Jan 20 16:43 custodydata -> /mnt/cwanfs/Active/CustodyData
drwxrwxrwx 2 root root  0 Apr 11 15:20 cwanfs
drwxrwxrwx 2 root root  0 Jul 21  2015 cwanfs-prospectus
lrwxrwxrwx 1 root root 28 Apr 19 10:33 indexdata -> /mnt/cwanfs/Active/IndexData
lrwxrwxrwx 1 root root 30 May 16  2016 pricingdata -> /mnt/cwanfs/Active/PricingData
lrwxrwxrwx 1 root root 33 Feb 18  2016 prospectus -> /mnt/cwanfs-prospectus/Prospectus
##################################
dev-test-service-group4-app2
##################################
//st-cwanfs1/cwanfs-active	/mnt/cwanfs	cifs	credentials=/root/.smbcredentials,file_mode=0777,dir_mode=0777	0	0
//st-cwanfs1/Prospectus	/mnt/cwanfs-prospectus	cifs	credentials=/root/.smbcredentials,file_mode=0777,dir_mode=0777	0	0
total 0
lrwxrwxrwx 1 root root 30 Jan 20 17:16 custodydata -> /mnt/cwanfs/Active/CustodyData
drwxrwxrwx 2 root root  0 Apr 11 15:20 cwanfs
drwxrwxrwx 2 root root  0 Jul 21  2015 cwanfs-prospectus
lrwxrwxrwx 1 root root 28 Apr 19 11:02 indexdata -> /mnt/cwanfs/Active/IndexData
lrwxrwxrwx 1 root root 30 May 16  2016 pricingdata -> /mnt/cwanfs/Active/PricingData
lrwxrwxrwx 1 root root 33 Feb 18  2016 prospectus -> /mnt/cwanfs-prospectus/Prospectus
##################################
dev-test-service-group6-app1
##################################

##################################
dev-test-service-group3-app1
##################################

##################################
dev-test-service-group5-app2
##################################
//st-cwanfs1/cwanfs-active	/mnt/cwanfs	cifs	credentials=/root/.smbcredentials,file_mode=0777,dir_mode=0777	0	0
total 0
lrwxrwxrwx 1 root root 39 Apr 19 05:40 bosclusterstore -> /mnt/cwanfs/Active/bos/dev/test/cluster
drwxrwxrwx 2 root root  0 Apr 11 15:20 cwanfs
lrwxrwxrwx 1 root root 40 Apr 19 05:40 outgoing -> /mnt/cwanfs/Active/bos/dev/test/outgoing
lrwxrwxrwx 1 root root 38 Apr 19 05:40 staged -> /mnt/cwanfs/Active/bos/dev/test/staged
##################################
dev-test-service-group5-app1
##################################
//st-cwanfs1/cwanfs-active	/mnt/cwanfs	cifs	credentials=/root/.smbcredentials,file_mode=0777,dir_mode=0777	0	0
total 0
lrwxrwxrwx 1 root root 39 Apr 19 02:05 bosclusterstore -> /mnt/cwanfs/Active/bos/dev/test/cluster
drwxrwxrwx 2 root root  0 Apr 11 15:20 cwanfs
lrwxrwxrwx 1 root root 40 Apr 19 02:05 outgoing -> /mnt/cwanfs/Active/bos/dev/test/outgoing
lrwxrwxrwx 1 root root 38 Apr 19 02:05 staged -> /mnt/cwanfs/Active/bos/dev/shared/staged
##################################
dev-test-service-group3-app2
##################################

##################################
dev-test-service-group2-app2
##################################

##################################
dev-test-service-group2-app1
##################################

##################################
dev-test-service-group1-app2
##################################

##################################
dev-test-service-group1-app1
##################################

##################################
dev-test-service-groupnolb-app1
##################################

##################################
dev-test-service-group7-app1
##################################

##################################
dev-test-service-group7-app2
##################################

##################################
