Result of "['grep cifs /etc/fstab && ls -l /mnt/', 'command']":
##################################
st-service-prospectusdownload-app1
##################################
//st-cwanfs1/Prospectus	/mnt/cwanfs-prospectus	cifs	credentials=/root/.smbcredentials,file_mode=0777,dir_mode=0777	0	0
total 0
drwxrwxrwx 2 root root  0 Jul 21  2015 cwanfs-prospectus
lrwxrwxrwx 1 root root 33 Feb  7 15:29 prospectus -> /mnt/cwanfs-prospectus/Prospectus
##################################
st-service-prospectusdownload-app2
##################################
//st-cwanfs1/Prospectus	/mnt/cwanfs-prospectus	cifs	credentials=/root/.smbcredentials,file_mode=0777,dir_mode=0777	0	0
total 0
drwxrwxrwx 2 root root  0 Jul 21  2015 cwanfs-prospectus
lrwxrwxrwx 1 root root 33 Feb  7 15:29 prospectus -> /mnt/cwanfs-prospectus/Prospectus
##################################
st-tools-performancemetrics-app1
##################################

##################################
st-service-perfcomposites-lb1
##################################

##################################
st-tools-banedataloader-app1
##################################
//st-cwanfs1/cwanfs-active	/mnt/cwanfs	cifs	credentials=/root/.smbcredentials,file_mode=0777,dir_mode=0777	0	0
total 0
drwxrwxrwx 2 root root  0 Apr 11 15:20 cwanfs
lrwxrwxrwx 1 root root 29 Jul 22  2016 marketdata -> /mnt/cwanfs/Active/MarketData
##################################
st-tools-performancetools-app1
##################################

##################################
st-amp-tradeentry-app4
##################################

##################################
st-service-perseus-app2
##################################

##################################
st-tools-perftieout-app1
##################################

##################################
st-service-coco-lb1
##################################

##################################
st-ext-chronos-app1
##################################

##################################
st-ext-chronos-app2
##################################

##################################
st-ext-pricingdata-app3
##################################

##################################
st-service-oasis-lb1
##################################

##################################
st-service-zookeeper-node3
##################################

##################################
st-service-zookeeper-node2
##################################

##################################
st-service-zookeeper-node1
##################################

##################################
st-service-rc-app1
##################################

##################################
st-amp-billing-app3
##################################

##################################
st-ext-auth-app1
##################################

##################################
st-ext-auth-app2
##################################

##################################
st-amp-billing-app4
##################################

##################################
st-service-pricingcheck-app1
##################################

##################################
st-intake-cust-cn1
##################################

##################################
st-service-phoebe-lb1
##################################

##################################
st-intake-cust-en1
##################################

##################################
st-ext-index-lb1
##################################

##################################
st-intake-indexqa-lb1
##################################

##################################
st-service-chronos-app2
##################################

##################################
st-service-bane-lb1
##################################

##################################
st-service-invoicing-app2
##################################

##################################
st-service-invoicing-app1
##################################

##################################
st-amp-fund-app2
##################################

##################################
st-amp-fund-app1
##################################

##################################
st-ext-featureflag-app1
##################################

##################################
st-ext-featureflag-app2
##################################

##################################
st-intake-cerberus-lb1
##################################

##################################
st-tools-derivativedata-web1
##################################

##################################
st-amp-test-lb2
##################################

##################################
st-service-segmentation-app2
##################################

##################################
st-service-transactionanalytics-lb1
##################################

##################################
st-service-chronos-lb1
##################################

##################################
st-amp-composite-app3
##################################

##################################
st-amp-composite-app4
##################################

##################################
st-ext-funddata-app1
##################################
//st-cwanfs1/cwanfs-active	/mnt/cwanfs	cifs	credentials=/root/.smbcredentials,file_mode=0777,dir_mode=0777	0	0
total 0
drwxrwxrwx 2 root root  0 Apr 11 15:20 cwanfs
lrwxrwxrwx 1 root root 30 Jan 20 17:56 pricingdata -> /mnt/cwanfs/Active/PricingData
##################################
st-ext-funddata-app2
##################################
//st-cwanfs1/cwanfs-active	/mnt/cwanfs	cifs	credentials=/root/.smbcredentials,file_mode=0777,dir_mode=0777	0	0
total 0
drwxrwxrwx 2 root root  0 Apr 11 15:20 cwanfs
lrwxrwxrwx 1 root root 30 Jan 20 17:41 pricingdata -> /mnt/cwanfs/Active/PricingData
##################################
st-service-invoicing-lb1
##################################

##################################
st-amp-route-web2
##################################

##################################
st-intake-cust-app2
##################################
//st-cwanfs1/cwanfs-active	/mnt/cwanfs	cifs	credentials=/root/.smbcredentials,file_mode=0777,dir_mode=0777	0	0
total 0
lrwxrwxrwx 1 root root 30 Jan 20 17:30 CustodyData -> /mnt/cwanfs/Active/CustodyData
lrwxrwxrwx 1 root root 36 Jul 22  2016 ManualCustodyData -> /mnt/cwanfs/Active/ManualCustodyData
drwxrwxrwx 2 root root  0 Apr 11 15:20 cwanfs
lrwxrwxrwx 1 root root 30 Jul 22  2016 tradingdata -> /mnt/cwanfs/Active/TradingData
##################################
st-intake-cust-app1
##################################
//st-cwanfs1/cwanfs-active	/mnt/cwanfs	cifs	credentials=/root/.smbcredentials,file_mode=0777,dir_mode=0777	0	0
total 0
lrwxrwxrwx 1 root root 30 Jan 20 17:33 CustodyData -> /mnt/cwanfs/Active/CustodyData
lrwxrwxrwx 1 root root 36 Jul 22  2016 ManualCustodyData -> /mnt/cwanfs/Active/ManualCustodyData
drwxrwxrwx 2 root root  0 Apr 11 15:20 cwanfs
lrwxrwxrwx 1 root root 30 Jul 22  2016 tradingdata -> /mnt/cwanfs/Active/TradingData
##################################
st-amp-navstriker-app1
##################################

##################################
st-amp-navstriker-app2
##################################

##################################
st-hq-halo-roster-app5
##################################

##################################
st-tools-ffxloader-app1
##################################
//st-cwanfs1/cwanfs-active	/mnt/cwanfs	cifs	credentials=/root/.smbcredentials,file_mode=0777,dir_mode=0777	0	0
total 0
lrwxrwxrwx 1 root root 30 Jan 20 17:38 custodydata -> /mnt/cwanfs/Active/CustodyData
drwxrwxrwx 2 root root  0 Apr 11 15:20 cwanfs
lrwxrwxrwx 1 root root 30 May 19 13:19 pricingdata -> /mnt/cwanfs/Active/PricingData
##################################
st-tools-naicdashboard-app1
##################################

##################################
st-ext-cpd-app1
##################################

##################################
st-ext-cpd-app2
##################################

##################################
st-ext-auth-lb1
##################################

##################################
st-amp-billing-lb2
##################################

##################################
st-ext-erisa-app1
##################################

##################################
st-boi-intake-scavenger-app2
##################################
//st-cwanfs1/cwanfs-active	/mnt/cwanfs	cifs	credentials=/root/.smbcredentials,file_mode=0777,dir_mode=0777	0	0
total 0
lrwxrwxrwx 1 root root 38 Mar 14 08:08 bosclusterstore -> /mnt/cwanfs/Active/bos/staging/cluster
lrwxrwxrwx 1 root root 30 Mar 14 08:53 custodydata -> /mnt/cwanfs/Active/CustodyData
drwxrwxrwx 2 root root  0 Apr 11 15:20 cwanfs
lrwxrwxrwx 1 root root 28 Mar 14 08:08 indexdata -> /mnt/cwanfs/Active/IndexData
lrwxrwxrwx 1 root root 36 Mar 14 08:53 manualcustodydata -> /mnt/cwanfs/Active/ManualCustodyData
lrwxrwxrwx 1 root root 29 Mar 14 08:53 marketdata -> /mnt/cwanfs/Active/MarketData
lrwxrwxrwx 1 root root 39 Mar 14 08:08 outgoing -> /mnt/cwanfs/Active/bos/staging/outgoing
lrwxrwxrwx 1 root root 30 Mar 14 08:08 pricingdata -> /mnt/cwanfs/Active/PricingData
lrwxrwxrwx 1 root root 37 Mar 14 08:08 staged -> /mnt/cwanfs/Active/bos/staging/staged
lrwxrwxrwx 1 root root 28 Mar 14 08:08 titandata -> /mnt/cwanfs/Active/TitanData
##################################
st-intake-cashflowparser-app1
##################################
//st-cwanfs1/cwanfs-active	/mnt/cwanfs	cifs	credentials=/root/.smbcredentials,file_mode=0777,dir_mode=0777	0	0
total 0
lrwxrwxrwx 1 root root 30 Jan 20 17:49 custodydata -> /mnt/cwanfs/Active/CustodyData
drwxrwxrwx 2 root root  0 Apr 11 15:20 cwanfs
##################################
st-tools-taskmaster-web1
##################################

##################################
st-amp-datalayer-app2
##################################

##################################
st-amp-datalayer-app1
##################################

##################################
st-amp-services-lb2
##################################

##################################
st-service-perseus-worker2
##################################

##################################
st-service-perseus-worker1
##################################

##################################
st-service-memcache-node1
##################################

##################################
st-service-writedown-app1
##################################

##################################
st-service-writedown-app2
##################################

##################################
st-ext-performance-app2
##################################

##################################
st-ext-performance-app1
##################################

##################################
st-service-compliance-lb1
##################################

##################################
st-service-webrequestlog-app1
##################################

##################################
st-tools-khan-web1
##################################

##################################
st-service-etlreadiness-app2
##################################

##################################
st-service-etlreadiness-app1
##################################

##################################
st-service-mane-app1
##################################

##################################
st-service-perseus-app1
##################################

##################################
st-service-securitymaster-app1
##################################

##################################
st-service-securitymaster-app2
##################################

##################################
st-service-naic-lb1
##################################

##################################
st-service-mane-app2
##################################

##################################
st-service-index-lb1
##################################

##################################
st-ext-pricingdata-app4
##################################

##################################
st-ext-compliance-lb1
##################################

##################################
st-hq-halo-forerunner-app1
##################################

##################################
st-hq-halo-forerunner-app2
##################################

##################################
st-service-export-app2
##################################

##################################
st-service-export-app1
##################################

##################################
st-tools-naictieout-app1
##################################

##################################
st-service-etljoblauncher-app3
##################################

##################################
st-service-erisa-lb1
##################################

##################################
st-ext-naic-app1
##################################

##################################
st-tools-xray-app1
##################################

##################################
st-tools-naicspec-app1
##################################

##################################
st-service-clearwaterconnect-lb1
##################################

##################################
st-cwacct-boundary-lb1
##################################

##################################
st-tools-enum-app1
##################################

##################################
st-service-naicconsistency-lb1
##################################

##################################
st-ext-security-lb1
##################################

##################################
st-ext-segmentation-lb2
##################################

##################################
st-tools-securitydeficiency-web1
##################################

##################################
st-tools-chariot-web1
##################################

##################################
st-tools-heimdall-app2
##################################

##################################
st-service-prezoidcreport-app2
##################################

##################################
st-ext-aws-app1
##################################

##################################
st-ext-aws-app2
##################################

##################################
st-service-prezoidcreport-app1
##################################

##################################
st-service-aws-lb1
##################################

##################################
st-service-mane-lb1
##################################

##################################
st-ext-cpd-lb1
##################################

##################################
st-ext-compliance-app1
##################################

##################################
st-service-aws-app1
##################################

##################################
st-service-aws-app2
##################################

##################################
st-tools-xray-web1
##################################

##################################
st-tools-cust-app1
##################################

##################################
st-ext-coco-lb1
##################################

##################################
st-tools-perseusdashboard-app1
##################################

##################################
st-service-dane-app1
##################################

##################################
st-service-dane-app2
##################################

##################################
st-service-securitylink-lb1
##################################

##################################
st-ext-fx-lb1
##################################

##################################
st-intake-cust-ee1
##################################

##################################
st-tools-buzzsaw-app1
##################################

##################################
st-service-transactionanalyticsprocessor-app1
##################################

##################################
st-ext-rt-app2
##################################

##################################
st-ext-writedown-lb1
##################################

##################################
st-ext-rt-app1
##################################

##################################
st-ext-privatelabel-app1
##################################

##################################
st-ext-privatelabel-app2
##################################

##################################
st-intake-prezo-lb1
##################################

##################################
st-service-auth-app1
##################################

##################################
st-service-auth-app2
##################################

##################################
st-amp-reconinsight-lb2
##################################

##################################
st-ext-securitylink-app1
##################################

##################################
st-ext-securitylink-app2
##################################

##################################
st-cwacct-entry-app1
##################################

##################################
st-cwacct-entry-app2
##################################

##################################
st-cwacct-entry-lb1
##################################

##################################
st-service-security-lb1
##################################

##################################
st-amp-tradeallocation-app3
##################################

##################################
st-amp-tradeallocation-app4
##################################

##################################
st-cwacct-platypus-app2
##################################

##################################
st-cwacct-platypus-app1
##################################

##################################
st-service-athena-app2
##################################

##################################
st-service-athena-app1
##################################

##################################
st-ext-compliance-app2
##################################

##################################
st-ext-cff-lb1
##################################

##################################
st-amp-facade-app3
##################################

##################################
st-amp-facade-app4
##################################

##################################
st-tools-acctdash-lb1
##################################

##################################
st-intake-indexloader-lb1
##################################

##################################
st-amp-externalclientdata-app2
##################################

##################################
st-amp-externalclientdata-app1
##################################

##################################
st-cwacct-boundary-app1
##################################

##################################
st-service-cpd-lb1
##################################

##################################
st-cwacct-boundary-app2
##################################

##################################
st-tools-cwseval-app1
##################################

##################################
st-ext-oasis-lb1
##################################

##################################
st-tools-cpdui-app1
##################################

##################################
st-service-fx-app2
##################################

##################################
st-service-fx-app1
##################################

##################################
st-amp-statements-lb2
##################################

##################################
st-service-internalauth-app2
##################################

##################################
st-tools-etljoblauncher-app1
##################################

##################################
st-tools-pricinge2e-app1
##################################

##################################
st-service-naic-app2
##################################

##################################
st-service-naic-app1
##################################

##################################
st-mktweb-wordpress-weblb1
##################################

##################################
st-service-prezoidcreport-lb1
##################################

##################################
st-intake-cerberus-app2
##################################

##################################
st-intake-cerberus-app1
##################################

##################################
st-amp-expenseaccrual-app2
##################################

##################################
st-ext-coco-app2
##################################

##################################
st-service-var-app1
##################################

##################################
st-service-var-app2
##################################

##################################
st-ext-coco-app1
##################################

##################################
st-service-pricingdata-lb1
##################################

##################################
st-tools-matrix-web1
##################################

##################################
st-cwacct-barrel-app1
##################################

##################################
st-service-pricingdata-app6
##################################

##################################
st-scavenger-tools1
##################################
//st-cwanfs1/cwanfs-active	/mnt/cwanfs	cifs	credentials=/root/.smbcredentials,file_mode=0777,dir_mode=0777	0	0
total 256
drwxrwxrwx 1 root root 262144 Jun 14 15:02 custodydata
drwxrwxrwx 1 root root      0 Apr 11 15:20 cwanfs
##################################
st-cwacct-barrel-app2
##################################

##################################
st-amp-expenseaccrual-app1
##################################

##################################
st-service-chronos-app1
##################################

##################################
st-tools-zap-web1
##################################

##################################
st-tools-chariot-app1
##################################

##################################
st-ext-rc-app2
##################################

##################################
st-ext-rc-app1
##################################

##################################
st-service-amort-lb1
##################################

##################################
st-tools-perseusdashboard-web1
##################################

##################################
st-tools-morpheus-app1
##################################

##################################
st-amp-datalayer-lb1
##################################

##################################
st-ext-solvency2-app1
##################################

##################################
st-ext-solvency2-app2
##################################

##################################
st-service-rc-app2
##################################

##################################
st-amp-tradeentry-app3
##################################

##################################
st-ext-fxdata-lb1
##################################

##################################
st-amp-blotter-lb2
##################################

##################################
st-mktweb-wordpress-db1
##################################

##################################
st-service-ambest-app1
##################################

##################################
st-amp-services-app5
##################################

##################################
st-amp-services-app4
##################################

##################################
st-amp-reconinsight-app3
##################################

##################################
st-service-ambest-app2
##################################

##################################
st-amp-services-app3
##################################

##################################
st-mkt-helpportal-app1
##################################

##################################
st-tools-perseus-app2
##################################

##################################
st-service-basis-lb1
##################################

##################################
st-ext-segmentation-app4
##################################

##################################
st-service-rc-lb1
##################################

##################################
st-service-cpcreditratings-lb1
##################################

##################################
st-amp-composite-lb2
##################################

##################################
st-ext-securitylink-lb1
##################################

##################################
st-amp-facade-lb2
##################################

##################################
st-service-featureflag-app1
##################################

##################################
st-intake-cust-sa1
##################################

##################################
st-service-auth-lb1
##################################

##################################
st-tools-limitedpartnership-web1
##################################

##################################
st-service-featureflag-app2
##################################

##################################
st-amp-cashsheets-app1
##################################

##################################
st-amp-historicaldata-app2
##################################

##################################
st-amp-historicaldata-app1
##################################

##################################
st-service-erisa-app1
##################################

##################################
st-service-erisa-app2
##################################

##################################
st-cwacct-platypus-lb1
##################################

##################################
st-service-internalauth-lb1
##################################

##################################
st-service-cpd-app1
##################################

##################################
st-service-cpd-app2
##################################

##################################
st-ext-basis-app1
##################################

##################################
st-ext-basis-app2
##################################

##################################
st-amp-amcs-app1
##################################

##################################
st-amp-amcs-app2
##################################

##################################
st-ext-fx-app2
##################################

##################################
st-ext-fx-app1
##################################

##################################
st-tools-fates-app1
##################################

##################################
st-integ-vm-api1
##################################
//uk-fs1/Development\040Public	/mnt/ukfs	cifs	credentials=/root/.smbcredentials,file_mode=0777,dir_mode=0777	0	0
//arbfund.com/H	/mnt/hdrive	cifs	credentials=/root/.smbcredentials,file_mode=0777,dir_mode=0777	0	0
total 8
lrwxrwxrwx 1 root root   11 Nov 22  2016 H -> /mnt/hdrive
lrwxrwxrwx 1 root root   31 Jan 26 17:22 development-public -> /mnt/hdrive/Development Public/
lrwxrwxrwx 1 root root    9 Nov 22  2016 development-public-uk -> /mnt/ukfs
drwxrwxrwx 2 root root 4096 Mar 23 10:14 hdrive
drwxrwxrwx 2 root root 4096 Aug 26  2014 ukfs
##################################
st-reuters-analytics-lb1
##################################

##################################
st-service-fx-lb1
##################################

##################################
st-service-portfolio-app2
##################################

##################################
st-service-portfolio-app1
##################################

##################################
st-intake-indexqa-app1
##################################
//st-cwanfs1/cwanfs-active	/mnt/cwanfs	cifs	credentials=/root/.smbcredentials,file_mode=0777,dir_mode=0777	0	0
total 0
drwxrwxrwx 2 root root  0 Apr 11 15:20 cwanfs
lrwxrwxrwx 1 root root 28 Jan 20 17:26 indexdata -> /mnt/cwanfs/Active/IndexData
##################################
st-intake-indexqa-app2
##################################
//st-cwanfs1/cwanfs-active	/mnt/cwanfs	cifs	credentials=/root/.smbcredentials,file_mode=0777,dir_mode=0777	0	0
total 0
drwxrwxrwx 2 root root  0 Apr 11 15:20 cwanfs
lrwxrwxrwx 1 root root 28 Jan 20 17:32 indexdata -> /mnt/cwanfs/Active/IndexData
##################################
st-tools-programmapper-app1
##################################

##################################
st-tools-accruedservice-web1
##################################

##################################
st-tools-cyclops-app2
##################################

##################################
st-tools-phoebe-tool1
##################################

##################################
st-tools-prospectusupload-app1
##################################
//st-cwanfs1/Prospectus	/mnt/cwanfs-prospectus	cifs	credentials=/root/.smbcredentials,file_mode=0777,dir_mode=0777	0	0
total 0
drwxrwxrwx 2 root root  0 Jul 21  2015 cwanfs-prospectus
lrwxrwxrwx 1 root root 33 Jul 25  2016 prospectus -> /mnt/cwanfs-prospectus/Prospectus
##################################
st-service-etlreadiness-lb1
##################################

##################################
st-tools-reportingtest-app1
##################################

##################################
st-tools-acctdash-web1
##################################

##################################
st-tools-promtools-app1
##################################

##################################
st-tools-promtools-app2
##################################

##################################
st-service-awsconsistency-lb1
##################################

##################################
st-service-transactionanalytics-app2
##################################

##################################
st-service-transactionanalytics-app1
##################################

##################################
st-service-cscreditratings-app2
##################################

##################################
st-service-bosui-lb1
##################################

##################################
st-service-cscreditratings-app1
##################################

##################################
st-service-perfcomposites-app1
##################################

##################################
st-ext-naic-lb1
##################################

##################################
st-tools-pressurecooker-app1
##################################

##################################
st-amp-tradeallocation-lb1
##################################

##################################
st-ext-underlying-lb1
##################################

##################################
st-service-bosui-app1
##################################
//st-cwanfs1/cwanfs-active	/mnt/cwanfs	cifs	credentials=/root/.smbcredentials,file_mode=0777,dir_mode=0777	0	0
total 0
lrwxrwxrwx 1 root root 38 Mar 21 13:02 bosclusterstore -> /mnt/cwanfs/Active/bos/staging/cluster
drwxrwxrwx 2 root root  0 Apr 11 15:20 cwanfs
lrwxrwxrwx 1 root root 39 Mar 21 13:02 outgoing -> /mnt/cwanfs/Active/bos/staging/outgoing
lrwxrwxrwx 1 root root 37 Mar 21 13:02 staged -> /mnt/cwanfs/Active/bos/staging/staged
##################################
st-service-bosui-app2
##################################
//st-cwanfs1/cwanfs-active	/mnt/cwanfs	cifs	credentials=/root/.smbcredentials,file_mode=0777,dir_mode=0777	0	0
total 0
lrwxrwxrwx 1 root root 38 Mar 21 12:44 bosclusterstore -> /mnt/cwanfs/Active/bos/staging/cluster
drwxrwxrwx 2 root root  0 Apr 11 15:20 cwanfs
lrwxrwxrwx 1 root root 39 Mar 21 12:44 outgoing -> /mnt/cwanfs/Active/bos/staging/outgoing
lrwxrwxrwx 1 root root 37 Mar 21 12:44 staged -> /mnt/cwanfs/Active/bos/staging/staged
##################################
st-mkt-cwan-app1
##################################

##################################
st-amp-navstriker-lb1
##################################

##################################
st-cwacct-invoicecreator-lb1
##################################

##################################
st-service-compliance-app2
##################################

##################################
st-service-compliance-app1
##################################

##################################
st-service-amort-app2
##################################

##################################
st-service-amort-app1
##################################

##################################
st-service-rt-lb1
##################################

##################################
st-tools-prezosmoketest-app1
##################################
//st-cwanfs1/cwanfs-active	/mnt/cwanfs	cifs	credentials=/root/.smbcredentials,file_mode=0777,dir_mode=0777	0	0
total 0
lrwxrwxrwx 1 root root 30 Jan 20 17:48 custodydata -> /mnt/cwanfs/Active/CustodyData
drwxrwxrwx 2 root root  0 Apr 11 15:20 cwanfs
lrwxrwxrwx 1 root root 30 Jan 20 17:48 pricingdata -> /mnt/cwanfs/Active/PricingData
##################################
st-ext-perfcomposites-lb1
##################################

##################################
st-ext-funddata-lb1
##################################

##################################
st-service-securitylink-app1
##################################

##################################
st-service-athena-lb1
##################################

##################################
st-ext-ui-app2
##################################
//st-cwanfs1/cwanfs-active	/mnt/cwanfs	cifs	credentials=/root/.smbcredentials,file_mode=0777,dir_mode=0777	0	0
total 0
lrwxrwxrwx 1 root root 30 Jan 20 17:47 custodydata -> /mnt/cwanfs/Active/CustodyData
drwxrwxrwx 2 root root  0 Apr 11 15:20 cwanfs
##################################
st-ext-ui-app3
##################################
//st-cwanfs1/cwanfs-active	/mnt/cwanfs	cifs	credentials=/root/.smbcredentials,file_mode=0777,dir_mode=0777	0	0
total 0
lrwxrwxrwx 1 root root 30 Jan 20 17:32 custodydata -> /mnt/cwanfs/Active/CustodyData
drwxrwxrwx 2 root root  0 Apr 11 15:20 cwanfs
##################################
st-ext-ui-app1
##################################
//st-cwanfs1/cwanfs-active	/mnt/cwanfs	cifs	credentials=/root/.smbcredentials,file_mode=0777,dir_mode=0777	0	0
total 0
lrwxrwxrwx 1 root root 30 Jul 22  2016 custodydata -> /mnt/cwanfs/Active/CustodyData
drwxrwxrwx 2 root root  0 Apr 11 15:20 cwanfs
##################################
st-ext-ui-app4
##################################
//st-cwanfs1/cwanfs-active	/mnt/cwanfs	cifs	credentials=/root/.smbcredentials,file_mode=0777,dir_mode=0777	0	0
total 0
lrwxrwxrwx 1 root root 30 Jan 20 18:07 custodydata -> /mnt/cwanfs/Active/CustodyData
drwxrwxrwx 2 root root  0 Apr 11 15:20 cwanfs
##################################
st-service-hermes-app2
##################################

##################################
st-service-hermes-app1
##################################

##################################
st-service-invoicecreator-app1
##################################

##################################
st-tools-build-master1
##################################

##################################
st-ext-privatelabel-web1
##################################

##################################
st-ext-privatelabel-web2
##################################

##################################
st-ext-privatelabel-weblb1
##################################

##################################
st-hq-halo-roster-app4
##################################

##################################
st-tools-promtester-app1
##################################

##################################
st-tools-apollo-app2
##################################

##################################
st-intake-cust-lb1
##################################

##################################
st-ext-var-app1
##################################

##################################
st-ext-var-app2
##################################

##################################
st-service-hermes-lb1
##################################

##################################
st-service-naicconsistency-app2
##################################

##################################
st-ext-parrecon-app1
##################################

##################################
st-ext-parrecon-app2
##################################

##################################
st-service-naicconsistency-app1
##################################

##################################
st-amp-dashboardbuilder-app3
##################################

##################################
st-amp-dashboardbuilder-app4
##################################

##################################
st-moodys-lb1
##################################

##################################
st-service-oasis-app2
##################################

##################################
st-service-oasis-app1
##################################

##################################
st-ext-internalauth-app1
##################################

##################################
st-ext-internalauth-app2
##################################

##################################
st-tools-bosmonitor-app1
##################################

##################################
st-service-clearwaterconnect-app1
##################################

##################################
st-ext-notification-lb1
##################################

##################################
st-service-clearwaterconnect-app2
##################################

##################################
st-ext-prospectusupload-app2
##################################
//st-cwanfs1/Prospectus	/mnt/cwanfs-prospectus	cifs	credentials=/root/.smbcredentials,file_mode=0777,dir_mode=0777	0	0
total 0
drwxrwxrwx 2 root root  0 Jul 21  2015 cwanfs-prospectus
lrwxrwxrwx 1 root root 33 Oct 17  2016 prospectus -> /mnt/cwanfs-prospectus/Prospectus
##################################
st-ext-prospectusupload-app1
##################################
//st-cwanfs1/Prospectus	/mnt/cwanfs-prospectus	cifs	credentials=/root/.smbcredentials,file_mode=0777,dir_mode=0777	0	0
total 0
drwxrwxrwx 2 root root  0 Jul 21  2015 cwanfs-prospectus
lrwxrwxrwx 1 root root 33 Oct 17  2016 prospectus -> /mnt/cwanfs-prospectus/Prospectus
##################################
st-service-solvency2-lb1
##################################

##################################
st-tools-internalwebdao-app1
##################################

##################################
st-ganglia-app1
##################################

##################################
st-tools-donnerstatsws-app1
##################################

##################################
st-amp-amnotifications-lb1
##################################

##################################
st-service-segmentation-lb1
##################################

##################################
st-tools-eunomia-app1
##################################

##################################
st-service-securitydeficiency-lb1
##################################

##################################
st-tools-lotlinkcheckerui-app1
##################################

##################################
st-ext-fxdata-app2
##################################

##################################
st-ext-fxdata-app1
##################################

##################################
st-amp-tradeentry-lb2
##################################

##################################
st-service-securitylink-app2
##################################

##################################
st-tools-overrides-app1
##################################

##################################
st-tools-complianceui-app1
##################################

##################################
st-tools-perseus-lb2
##################################

##################################
st-amp-amnotifications-app2
##################################

##################################
st-service-business-app1
##################################

##################################
st-ext-featureflag-lb1
##################################

##################################
st-amp-amnotifications-app1
##################################

##################################
st-intake-soda-app1
##################################
//st-cwanfs1/cwanfs-active	/mnt/cwanfs	cifs	credentials=/root/.smbcredentials,file_mode=0777,dir_mode=0777	0	0
//10.200.88.103/vol_soda_jobs	/mnt/vol_soda_jobs	cifs	credentials=/root/.smbcredentials,file_mode=0777,dir_mode=0777	0	0
total 4
lrwxrwxrwx 1 root root 38 May  1 18:45 SourceFiles -> /mnt/vol_soda_jobs/SourceFiles/staging
drwxrwxrwx 2 root root  0 Apr 11 15:20 cwanfs
lrwxrwxrwx 1 root root 31 Jan 20 17:59 securitydata -> /mnt/cwanfs/Active/SecurityData
lrwxrwxrwx 1 root root 28 May 12 17:19 titandata -> /mnt/cwanfs/Active/TitanData
drwxrwxrwx 2 root root  0 Jun 14 12:31 vol_soda_jobs
##################################
st-ext-export-app1
##################################

##################################
st-ext-parrecon-lb1
##################################

##################################
st-amp-fund-lb1
##################################

##################################
st-service-notification-app1
##################################

##################################
st-service-notification-app3
##################################

##################################
st-service-notification-app2
##################################

##################################
st-service-parrecon-app2
##################################

##################################
st-ext-export-app2
##################################

##################################
st-service-solvency2-app1
##################################

##################################
st-service-solvency2-app2
##################################

##################################
st-etl-dispatcher-app02
##################################

##################################
st-etl-dispatcher-app03
##################################

##################################
st-amp-cashsheets-app2
##################################

##################################
st-etl-dispatcher-app01
##################################

##################################
st-etl-dispatcher-app06
##################################

##################################
st-etl-dispatcher-app07
##################################

##################################
st-etl-dispatcher-app04
##################################

##################################
st-etl-dispatcher-app05
##################################

##################################
st-service-derivativedata-app1
##################################

##################################
st-intake-soda-app2
##################################
//st-cwanfs1/cwanfs-active	/mnt/cwanfs	cifs	credentials=/root/.smbcredentials,file_mode=0777,dir_mode=0777	0	0
//10.200.88.103/vol_soda_jobs	/mnt/vol_soda_jobs	cifs	credentials=/root/.smbcredentials,file_mode=0777,dir_mode=0777	0	0
total 4
lrwxrwxrwx 1 root root 38 May  1 18:45 SourceFiles -> /mnt/vol_soda_jobs/SourceFiles/staging
drwxrwxrwx 2 root root  0 Apr 11 15:20 cwanfs
lrwxrwxrwx 1 root root 31 Jan 20 17:55 securitydata -> /mnt/cwanfs/Active/SecurityData
lrwxrwxrwx 1 root root 28 May 12 17:20 titandata -> /mnt/cwanfs/Active/TitanData
drwxrwxrwx 2 root root  0 Jun 14 12:31 vol_soda_jobs
##################################
st-service-cff-app1
##################################

##################################
st-service-cff-app2
##################################

##################################
st-tools-pandora-app4
##################################

##################################
st-cwacct-bridge-app1
##################################

##################################
st-cwacct-bridge-app2
##################################

##################################
st-ext-writedown-app1
##################################

##################################
st-ext-writedown-app2
##################################

##################################
st-tools-atlassian-jira2
##################################

##################################
st-ext-ui-lb1
##################################

##################################
st-ext-oasis-app2
##################################

##################################
st-amp-cashsheets-lb1
##################################

##################################
st-ext-oasis-app1
##################################

##################################
st-tools-naictools-app1
##################################

##################################
st-service-cscreditratings-lb1
##################################

##################################
st-service-phoebe-worker2
##################################

##################################
st-service-phoebe-worker1
##################################

##################################
st-tools-awstieout-app1
##################################

##################################
st-ext-naic-app2
##################################

##################################
st-ext-index-app1
##################################

##################################
st-ext-erisa-lb1
##################################

##################################
st-tools-monthendtools-app1
##################################

##################################
st-amp-test-app4
##################################

##################################
st-service-var-lb1
##################################

##################################
st-ext-ui-ssolb1
##################################

##################################
st-service-index-app2
##################################

##################################
st-service-index-app1
##################################

##################################
st-ext-export-lb1
##################################

##################################
st-tools-drydock-app1
##################################
//st-cwanfs1/cwanfs-active	/mnt/cwanfs	cifs	credentials=/root/.smbcredentials,file_mode=0777,dir_mode=0777	0	0
total 0
lrwxrwxrwx 1 root root 30 Jan 20 17:52 custodydata -> /mnt/cwanfs/Active/CustodyData
drwxrwxrwx 2 root root  0 Apr 11 15:20 cwanfs
##################################
st-service-security-app1
##################################

##################################
st-service-security-app2
##################################

##################################
st-service-reuters-lb1
##################################

##################################
st-ext-solvency2-lb1
##################################

##################################
st-service-awsconsistency-app2
##################################

##################################
st-service-awsconsistency-app1
##################################

##################################
st-tools-zipkindataaggregator-app1
##################################

##################################
st-mktweb-cdn-app2
##################################

##################################
st-service-notification-lb1
##################################

##################################
st-mktweb-cdn-app1
##################################

##################################
st-service-portfolio-lb1
##################################

##################################
st-amp-statements-app4
##################################
//st-cwanfs1/cwanfs-active	/mnt/cwanfs	cifs	credentials=/root/.smbcredentials,file_mode=0777,dir_mode=0777	0	0
total 0
drwxrwxrwx 2 root root  0 Apr 11 15:20 cwanfs
lrwxrwxrwx 1 root root 29 Jul 22  2016 statements -> /mnt/cwanfs/Active/Statements
##################################
st-amp-statements-app3
##################################
//st-cwanfs1/cwanfs-active	/mnt/cwanfs	cifs	credentials=/root/.smbcredentials,file_mode=0777,dir_mode=0777	0	0
total 0
drwxrwxrwx 2 root root  0 Apr 11 15:20 cwanfs
lrwxrwxrwx 1 root root 29 Jul 22  2016 statements -> /mnt/cwanfs/Active/Statements
##################################
st-tools-lotlinkcheckerfates-app1
##################################

##################################
st-service-bane-app2
##################################

##################################
st-ext-cff-app1
##################################

##################################
st-ext-cff-app2
##################################

##################################
st-service-bane-app1
##################################

##################################
st-intake-cashflowparser-app2
##################################
//st-cwanfs1/cwanfs-active	/mnt/cwanfs	cifs	credentials=/root/.smbcredentials,file_mode=0777,dir_mode=0777	0	0
total 0
lrwxrwxrwx 1 root root 30 Jan 20 17:39 custodydata -> /mnt/cwanfs/Active/CustodyData
drwxrwxrwx 2 root root  0 Apr 11 15:20 cwanfs
##################################
st-tools-janus-web1
##################################

##################################
st-hq-halo-battlenet-app1
##################################

##################################
st-ext-underlying-app2
##################################
//st-cwanfs1/cwanfs-active	/mnt/cwanfs	cifs	credentials=/root/.smbcredentials,file_mode=0777,dir_mode=0777	0	0
total 0
drwxrwxrwx 2 root root  0 Apr 11 15:20 cwanfs
lrwxrwxrwx 1 root root 30 Jan 20 18:00 pricingdata -> /mnt/cwanfs/Active/PricingData
##################################
st-ext-underlying-app1
##################################
//st-cwanfs1/cwanfs-active	/mnt/cwanfs	cifs	credentials=/root/.smbcredentials,file_mode=0777,dir_mode=0777	0	0
total 0
drwxrwxrwx 2 root root  0 Apr 11 15:20 cwanfs
lrwxrwxrwx 1 root root 30 Jan 20 18:07 pricingdata -> /mnt/cwanfs/Active/PricingData
##################################
st-hq-halo-battlenet-app2
##################################

##################################
st-tools-acctdash-app2
##################################

##################################
st-service-mongo-node3
##################################

##################################
st-service-mongo-node2
##################################

##################################
st-service-mongo-node4
##################################

##################################
st-intake-sodaws-app1
##################################
//st-cwanfs1/cwanfs-active	/mnt/cwanfs	cifs	credentials=/root/.smbcredentials,file_mode=0777,dir_mode=0777	0	0
//10.200.88.103/vol_soda_jobs	/mnt/vol_soda_jobs	cifs	credentials=/root/.smbcredentials,file_mode=0777,dir_mode=0777	0	0
total 4
lrwxrwxrwx 1 root root 38 May  1 18:45 SourceFiles -> /mnt/vol_soda_jobs/SourceFiles/staging
drwxrwxrwx 2 root root  0 Apr 11 15:20 cwanfs
lrwxrwxrwx 1 root root 31 May  1 10:52 securitydata -> /mnt/cwanfs/Active/SecurityData
lrwxrwxrwx 1 root root 28 May 12 17:19 titandata -> /mnt/cwanfs/Active/TitanData
drwxrwxrwx 2 root root  0 Jun 14 12:31 vol_soda_jobs
##################################
st-intake-sodaws-app2
##################################
Name lookup failed.
##################################
st-service-internalauth-app1
##################################

##################################
st-ext-segmentation-app3
##################################

##################################
st-service-cpcreditratings-app1
##################################

##################################
st-tools-perfqadash-app1
##################################

##################################
st-service-cpcreditratings-app2
##################################

##################################
st-tools-fas91-app1
##################################

##################################
st-tools-atlassian-db1
##################################

##################################
st-cwacct-bridge-lb1
##################################

##################################
st-service-cashfloweditor-app1
##################################

##################################
st-amp-reconinsight-app4
##################################

##################################
st-tools-cns-app1
##################################

##################################
st-ext-var-lb1
##################################

##################################
st-tools-amorttestsuite-app2
##################################

##################################
st-ext-rt-lb1
##################################

##################################
st-ext-erisa-app2
##################################

##################################
st-ext-perfcomposites-app2
##################################

##################################
st-ext-perfcomposites-app1
##################################

##################################
st-service-rabbit-node1
##################################

##################################
st-intake-prezo-app3
##################################
//st-cwanfs1/cwanfs-active	/mnt/cwanfs	cifs	credentials=/root/.smbcredentials,file_mode=0777,dir_mode=0777	0	0
total 0
lrwxrwxrwx 1 root root 30 Feb 22 08:56 custodydata -> /mnt/cwanfs/Active/CustodyData
drwxrwxrwx 2 root root  0 Apr 11 15:20 cwanfs
lrwxrwxrwx 1 root root 30 Feb 22 08:54 pricingdata -> /mnt/cwanfs/Active/PricingData
##################################
st-intake-prezo-app2
##################################
//st-cwanfs1/cwanfs-active	/mnt/cwanfs	cifs	credentials=/root/.smbcredentials,file_mode=0777,dir_mode=0777	0	0
total 0
lrwxrwxrwx 1 root root 30 Jul 22  2016 custodydata -> /mnt/cwanfs/Active/CustodyData
drwxrwxrwx 2 root root  0 Apr 11 15:20 cwanfs
lrwxrwxrwx 1 root root 30 Jul 22  2016 pricingdata -> /mnt/cwanfs/Active/PricingData
##################################
st-intake-prezo-app1
##################################
//st-cwanfs1/cwanfs-active	/mnt/cwanfs	cifs	credentials=/root/.smbcredentials,file_mode=0777,dir_mode=0777	0	0
total 0
lrwxrwxrwx 1 root root 30 Jul 22  2016 custodydata -> /mnt/cwanfs/Active/CustodyData
drwxrwxrwx 2 root root  0 Apr 11 15:20 cwanfs
lrwxrwxrwx 1 root root 30 Jul 22  2016 pricingdata -> /mnt/cwanfs/Active/PricingData
##################################
st-service-rabbit-node2
##################################

##################################
st-intake-prezo-app4
##################################
//st-cwanfs1/cwanfs-active	/mnt/cwanfs	cifs	credentials=/root/.smbcredentials,file_mode=0777,dir_mode=0777	0	0
total 0
lrwxrwxrwx 1 root root 30 Feb 22 10:21 custodydata -> /mnt/cwanfs/Active/CustodyData
drwxrwxrwx 2 root root  0 Apr 11 15:20 cwanfs
lrwxrwxrwx 1 root root 30 Feb 22 10:18 pricingdata -> /mnt/cwanfs/Active/PricingData
##################################
st-service-export-lb1
##################################

##################################
st-service-prospectusdownload-lb1
##################################

##################################
st-ext-index-app2
##################################

##################################
st-amp-static-web2
##################################

##################################
st-ext-business-app1
##################################

##################################
st-ext-business-app2
##################################

##################################
st-amp-dashboardbuilder-lb2
##################################

##################################
st-service-perseus-lb1
##################################

##################################
st-tools-internaltools-landing2
##################################

##################################
st-service-basis-app1
##################################

##################################
st-service-basis-app2
##################################

##################################
st-service-segmentation-app1
##################################

##################################
st-ext-prospectusupload-lb1
##################################

##################################
st-ext-chronos-lb1
##################################

##################################
st-mktweb-wordpress-app1
##################################

##################################
st-tools-janus-app1
##################################

##################################
st-tools-promtools-lb1
##################################

##################################
st-tools-taskmaster-app1
##################################

##################################
st-service-securitymaster-lb1
##################################

##################################
st-ext-basis-lb1
##################################

##################################
st-service-writedown-lb1
##################################

##################################
st-service-accruedservice-lb1
##################################

##################################
st-monitor-zipkin-app1
##################################

##################################
st-service-securitydeficiency-app2
##################################

##################################
st-ext-internalauth-lb1
##################################

##################################
st-intake-sodaws-lb1
##################################

##################################
st-tools-gaapclassoverride-app1
##################################

##################################
st-ext-rc-lb1
##################################

##################################
st-amp-expenseaccrual-lb1
##################################

##################################
st-tools-andromeda-app1
##################################

##################################
st-amp-blotter-app3
##################################
//st-cwanfs1/cwanfs-active	/mnt/cwanfs	cifs	credentials=/root/.smbcredentials,file_mode=0777,dir_mode=0777	0	0
total 0
drwxrwxrwx 2 root root  0 Apr 11 15:20 cwanfs
lrwxrwxrwx 1 root root 30 Jul 22  2016 tradingdata -> /mnt/cwanfs/Active/TradingData
##################################
st-amp-blotter-app4
##################################
//st-cwanfs1/cwanfs-active	/mnt/cwanfs	cifs	credentials=/root/.smbcredentials,file_mode=0777,dir_mode=0777	0	0
total 0
drwxrwxrwx 2 root root  0 Apr 11 15:20 cwanfs
lrwxrwxrwx 1 root root 30 Jul 22  2016 tradingdata -> /mnt/cwanfs/Active/TradingData
##################################
st-tools-perseus-app1
##################################

##################################
st-tools-clientlogging-app1
##################################

##################################
st-service-pricingdata-app7
##################################

##################################
st-service-featureflag-lb1
##################################

##################################
st-amp-externalclientdata-lb1
##################################

##################################
st-service-dane-lb1
##################################

##################################
st-tools-atlassian-jira1
##################################

##################################
st-tools-securityeditor-app1
##################################

##################################
st-service-cff-lb1
##################################

##################################
st-service-bos-core1
##################################
//st-cwanfs1/cwanfs-active	/mnt/cwanfs	cifs	credentials=/root/.smbcredentials,file_mode=0777,dir_mode=0777	0	0
total 0
lrwxrwxrwx 1 root root 38 Jul 23  2016 bosclusterstore -> /mnt/cwanfs/Active/bos/staging/cluster
drwxrwxrwx 2 root root  0 Apr 11 15:20 cwanfs
lrwxrwxrwx 1 root root 39 Jul 23  2016 outgoing -> /mnt/cwanfs/Active/bos/staging/outgoing
lrwxrwxrwx 1 root root 37 Jul 23  2016 staged -> /mnt/cwanfs/Active/bos/staging/staged
##################################
st-service-bos-core2
##################################
//st-cwanfs1/cwanfs-active	/mnt/cwanfs	cifs	credentials=/root/.smbcredentials,file_mode=0777,dir_mode=0777	0	0
total 0
lrwxrwxrwx 1 root root 38 Jul 23  2016 bosclusterstore -> /mnt/cwanfs/Active/bos/staging/cluster
drwxrwxrwx 2 root root  0 Apr 11 15:20 cwanfs
lrwxrwxrwx 1 root root 39 Jul 23  2016 outgoing -> /mnt/cwanfs/Active/bos/staging/outgoing
lrwxrwxrwx 1 root root 37 Jul 23  2016 staged -> /mnt/cwanfs/Active/bos/staging/staged
##################################
st-service-bos-core3
##################################
//st-cwanfs1/cwanfs-active	/mnt/cwanfs	cifs	credentials=/root/.smbcredentials,file_mode=0777,dir_mode=0777	0	0
total 0
lrwxrwxrwx 1 root root 38 Jan 27 10:58 bosclusterstore -> /mnt/cwanfs/Active/bos/staging/cluster
drwxrwxrwx 2 root root  0 Apr 11 15:20 cwanfs
lrwxrwxrwx 1 root root 39 Jan 27 10:58 outgoing -> /mnt/cwanfs/Active/bos/staging/outgoing
lrwxrwxrwx 1 root root 37 Jan 27 10:58 staged -> /mnt/cwanfs/Active/bos/staging/staged
##################################
st-tools-regutieout-app1
##################################

##################################
st-service-performance-app2
##################################

##################################
st-service-performance-app1
##################################

##################################
st-service-parrecon-lb1
##################################

##################################
st-etl-rabbit-node1
##################################

##################################
st-etl-rabbit-node2
##################################

##################################
st-amp-historicaldata-lb1
##################################

##################################
st-service-rt-app2
##################################

##################################
st-service-rt-app1
##################################

##################################
st-service-coco-app2
##################################

##################################
st-service-coco-app1
##################################

##################################
st-ext-performance-lb1
##################################

##################################
st-ext-business-lb1
##################################

##################################
st-amp-amcs-lb1
##################################

##################################
st-ext-ui-redirector1
##################################

##################################
st-tools-clientconfigurator-web1
##################################

##################################
st-tools-acctdash-app1
##################################

##################################
st-ext-security-app1
##################################

##################################
st-ext-security-app2
##################################

##################################
st-ext-pricingdata-lb1
##################################

##################################
st-ext-memcache-node1
##################################

##################################
st-service-perfcomposites-app2
##################################

##################################
st-intake-cust-ec1
##################################

##################################
st-service-performance-lb1
##################################

##################################
st-service-securitydeficiency-app1
##################################

##################################
st-tools-etlreadiness-web2
##################################

##################################
st-intake-indexloader-app1
##################################
//st-cwanfs1/cwanfs-active	/mnt/cwanfs	cifs	credentials=/root/.smbcredentials,file_mode=0777,dir_mode=0777	0	0
total 0
drwxrwxrwx 2 root root  0 Apr 11 15:20 cwanfs
lrwxrwxrwx 1 root root 28 Jan 20 17:53 indexdata -> /mnt/cwanfs/Active/IndexData
##################################
st-intake-indexloader-app2
##################################
//st-cwanfs1/cwanfs-active	/mnt/cwanfs	cifs	credentials=/root/.smbcredentials,file_mode=0777,dir_mode=0777	0	0
total 0
drwxrwxrwx 2 root root  0 Apr 11 15:20 cwanfs
lrwxrwxrwx 1 root root 28 Jan 20 17:28 indexdata -> /mnt/cwanfs/Active/IndexData
##################################
st-intake-cashflowparser-lb1
##################################

##################################
st-ext-privatelabel-lb1
##################################

##################################
st-service-parrecon-app1
##################################

##################################
st-cwacct-barrel-lb1
##################################

##################################
st-amp-test-app3
##################################

##################################
st-ext-aws-lb1
##################################

##################################
st-service-business-app2
##################################

##################################
st-service-accruedservice-app1
##################################

##################################
st-service-accruedservice-app2
##################################

##################################
st-ext-notification-app1
##################################

##################################
st-ext-notification-app2
##################################

##################################
st-service-ambest-lb1
##################################

##################################
st-tools-backoffice-app1
##################################

##################################
st-intake-soda-worker2
##################################
//10.200.88.103/vol_soda_jobs	/mnt/vol_soda_jobs	cifs	credentials=/root/.smbcredentials,file_mode=0777,dir_mode=0777	0	0
//st-cwanfs1/cwanfs-active	/mnt/cwanfs	cifs	credentials=/root/.smbcredentials,file_mode=0777,dir_mode=0777	0	0
total 4
lrwxrwxrwx 1 root root 38 May  1 18:45 SourceFiles -> /mnt/vol_soda_jobs/SourceFiles/staging
drwxrwxrwx 2 root root  0 Apr 11 15:20 cwanfs
lrwxrwxrwx 1 root root 31 May  9 17:00 securitydata -> /mnt/cwanfs/Active/SecurityData
lrwxrwxrwx 1 root root 28 May 12 17:19 titandata -> /mnt/cwanfs/Active/TitanData
drwxrwxrwx 2 root root  0 Jun 14 12:31 vol_soda_jobs
##################################
st-intake-soda-worker1
##################################
//10.200.88.103/vol_soda_jobs	/mnt/vol_soda_jobs	cifs	credentials=/root/.smbcredentials,file_mode=0777,dir_mode=0777	0	0
//st-cwanfs1/cwanfs-active	/mnt/cwanfs	cifs	credentials=/root/.smbcredentials,file_mode=0777,dir_mode=0777	0	0
total 4
lrwxrwxrwx 1 root root 38 May  1 18:44 SourceFiles -> /mnt/vol_soda_jobs/SourceFiles/staging
drwxrwxrwx 2 root root  0 Apr 11 15:20 cwanfs
lrwxrwxrwx 1 root root 31 May  9 16:54 securitydata -> /mnt/cwanfs/Active/SecurityData
lrwxrwxrwx 1 root root 28 May 12 17:19 titandata -> /mnt/cwanfs/Active/TitanData
drwxrwxrwx 2 root root  0 Jun 14 12:31 vol_soda_jobs
##################################
st-cwacct-invoicecreator-app1
##################################

##################################
st-cwacct-invoicecreator-app2
##################################

##################################
st-tools-atlassian-confluence2
##################################

##################################
st-service-fxdata-app2
##################################

##################################
st-service-business-lb1
##################################

##################################
st-service-fxdata-app1
##################################

##################################
st-tools-limitedpartnership-app1
##################################
//st-cwanfs1/cwanfs-active	/mnt/cwanfs	cifs	credentials=/root/.smbcredentials,file_mode=0777,dir_mode=0777	0	0
total 0
lrwxrwxrwx 1 root root 30 Mar 28 17:15 CustodyData -> /mnt/cwanfs/Active/CustodyData
drwxrwxrwx 2 root root  0 Apr 11 15:20 cwanfs
##################################
st-tools-banetestsuite-app1
##################################

##################################
st-service-fxdata-lb1
##################################

##################################
st-intake-cust-dl1
##################################
//st-cwanfs1/cwanfs-active	/mnt/cwanfs	cifs	credentials=/root/.smbcredentials,file_mode=0777,dir_mode=0777	0	0
total 0
lrwxrwxrwx 1 root root 30 Jan 20 17:56 CustodyData -> /mnt/cwanfs/Active/CustodyData
lrwxrwxrwx 1 root root 36 Jul 22  2016 ManualCustodyData -> /mnt/cwanfs/Active/ManualCustodyData
drwxrwxrwx 2 root root  0 Apr 11 15:20 cwanfs
lrwxrwxrwx 1 root root 30 Jul 22  2016 tradingdata -> /mnt/cwanfs/Active/TradingData
##################################
st-tools-chatops-app1
##################################

##################################
st-intake-soda-lb1
##################################

##################################
